2014-07-11 15:25:30.814 Savvy[5129:70b] Multi-tasking -> Device: YES, App: YES
2014-07-11 15:25:32.441 Savvy[5129:70b] Unlimited access to network resources
2014-07-11 15:25:33.022 Savvy[5129:70b] Fix applied for database locations?: YES
2014-07-11 15:25:46.803 Savvy[5129:70b] [CDVTimer][keyboard] 78.334987ms
2014-07-11 15:25:46.836 Savvy[5129:70b] CDVPlugin class CDVStatusBar (pluginName: statusbar) does not exist.
2014-07-11 15:25:46.836 Savvy[5129:70b] [CDVTimer][statusbar] 0.544012ms
2014-07-11 15:25:46.836 Savvy[5129:70b] [CDVTimer][TotalPluginStartup] 111.468017ms
2014-07-11 15:25:53.871 Savvy[5129:70b] Resetting plugins due to page load.
2014-07-11 15:26:04.691 Savvy[5129:70b] Finished load of: file:///Users/bryanvillafane/Library/Application%20Support/iPhone%20Simulator/7.1/Applications/34D26322-D2CD-43DF-8DC1-CBEDF52E0486/Savvy.app/www/index.html#/cards
2014-07-11 15:26:15.541 Savvy[5129:70b] cardSwiped 
2014-07-11 15:26:15.752 Savvy[5129:70b] THREAD WARNING: ['Console'] took '211.736084' ms. Plugin should use a background thread.
2014-07-11 15:26:15.886 Savvy[5129:70b] {"id_promo":3,"title":"kind of grass is this?","image":"img/ionic.png","id":0.7115807097870857}
2014-07-11 15:26:21.901 Savvy[5129:70b] cardSwiped 0
2014-07-11 15:26:21.902 Savvy[5129:70b] {"id_promo":1,"title":"20 % en comida","image":"img/ionic.png","id":0.5336382717359811}
2014-07-11 15:26:22.312 Savvy[5129:70b] 0
2014-07-11 15:26:22.313 Savvy[5129:70b] cardDestroyed
2014-07-11 18:07:46.751 Savvy[5662:70b] Multi-tasking -> Device: YES, App: YES
2014-07-11 18:07:46.862 Savvy[5662:70b] Unlimited access to network resources
2014-07-11 18:07:48.023 Savvy[5662:70b] [CDVTimer][keyboard] 0.088990ms
2014-07-11 18:07:48.024 Savvy[5662:70b] CDVPlugin class CDVStatusBar (pluginName: statusbar) does not exist.
2014-07-11 18:07:48.024 Savvy[5662:70b] [CDVTimer][statusbar] 0.588000ms
2014-07-11 18:07:48.025 Savvy[5662:70b] [CDVTimer][TotalPluginStartup] 1.796007ms
2014-07-11 18:07:48.287 Savvy[5662:70b] Resetting plugins due to page load.
2014-07-11 18:07:48.717 Savvy[5662:70b] Finished load of: file:///Users/bryanvillafane/Library/Application%20Support/iPhone%20Simulator/7.1/Applications/34D26322-D2CD-43DF-8DC1-CBEDF52E0486/Savvy.app/www/index.html#/cards
2014-07-11 18:07:53.540 Savvy[5662:70b] cardSwiped 
2014-07-11 18:07:53.541 Savvy[5662:70b] {"id_promo":4,"title":"beach is this?","image":"img/pic2.png","id":0.09422546275891364}
2014-07-11 18:08:54.642 Savvy[5892:70b] Multi-tasking -> Device: YES, App: YES
2014-07-11 18:08:54.653 Savvy[5892:70b] Unlimited access to network resources
2014-07-11 18:08:54.676 Savvy[5892:70b] [CDVTimer][keyboard] 0.093997ms
2014-07-11 18:08:54.676 Savvy[5892:70b] CDVPlugin class CDVStatusBar (pluginName: statusbar) does not exist.
2014-07-11 18:08:54.677 Savvy[5892:70b] [CDVTimer][statusbar] 0.537992ms
2014-07-11 18:08:54.677 Savvy[5892:70b] [CDVTimer][TotalPluginStartup] 1.733005ms
2014-07-11 18:08:54.815 Savvy[5892:70b] Resetting plugins due to page load.
2014-07-11 18:08:55.039 Savvy[5892:70b] Finished load of: file:///Users/bryanvillafane/Library/Application%20Support/iPhone%20Simulator/7.1/Applications/34D26322-D2CD-43DF-8DC1-CBEDF52E0486/Savvy.app/www/index.html#/cards
2014-07-11 18:09:01.837 Savvy[5892:70b] cardSwiped 
2014-07-11 18:09:01.838 Savvy[5892:70b] {"id_promo":4,"title":"beach is this?","image":"img/pic2.png","id":0.7311771879903972}
2014-07-11 18:09:01.896 Savvy[5892:70b] cardSwiped 
2014-07-11 18:09:01.897 Savvy[5892:70b] {"id_promo":4,"title":"beach is this?","image":"img/pic2.png","id":0.6348508726805449}
